<?xml version="1.0" encoding="UTF-8"?>
<!-- Generated by org.testng.reporters.JUnitReportReporter -->
<testsuite skipped="0" hostname="Nipuns-MacBook-Pro.local" name="testcripts.TestNGSampleTwo" tests="1" failures="0" timestamp="2021-08-04T16:16:59 IST" time="7.813" errors="0">
  <testcase name="f2" time="7.813" classname="testcripts.TestNGSampleTwo"/>
  <system-out/>
</testsuite> <!-- testcripts.TestNGSampleTwo -->
