<?xml version="1.0" encoding="UTF-8"?>
<!-- Generated by org.testng.reporters.JUnitReportReporter -->
<testsuite skipped="0" hostname="Nipuns-MacBook-Pro.local" name="testcripts.HtmlUnitTest" tests="1" failures="0" timestamp="2021-08-05T16:55:14 IST" time="4.517" errors="0">
  <testcase name="test" time="4.517" classname="testcripts.HtmlUnitTest"/>
  <system-out/>
</testsuite> <!-- testcripts.HtmlUnitTest -->
