<?xml version="1.0" encoding="UTF-8"?>
<!-- Generated by org.testng.reporters.JUnitReportReporter -->
<testsuite skipped="0" hostname="Nipuns-MacBook-Pro.local" name="testcripts.GroupOneTest" tests="3" failures="0" timestamp="2021-08-02T15:26:18 IST" time="0.011" errors="0">
  <testcase name="searchCypressTest" time="0.001" classname="testcripts.GroupOneTest"/>
  <system-out/>
  <testcase name="searchJavaTest" time="0.001" classname="testcripts.GroupOneTest"/>
  <system-out/>
  <testcase name="searchAPITest" time="0.009" classname="testcripts.GroupOneTest"/>
  <system-out/>
</testsuite> <!-- testcripts.GroupOneTest -->
