<?xml version="1.0" encoding="UTF-8"?>
<!-- Generated by org.testng.reporters.JUnitReportReporter -->
<testsuite skipped="0" hostname="Nipuns-MacBook-Pro.local" name="parallelscripts.MethodsTest" tests="10" failures="0" timestamp="2021-08-02T17:12:35 IST" time="0.070" errors="0">
  <testcase name="searchAPITest" time="0.017" classname="parallelscripts.MethodsTest"/>
  <system-out/>
  <testcase name="searchAPITest" time="0.016" classname="parallelscripts.MethodsTest"/>
  <system-out/>
  <testcase name="searchCypressTest" time="0.001" classname="parallelscripts.MethodsTest"/>
  <system-out/>
  <testcase name="searchJavaTest" time="0.001" classname="parallelscripts.MethodsTest"/>
  <system-out/>
  <testcase name="searchAPITest" time="0.003" classname="parallelscripts.MethodsTest"/>
  <system-out/>
  <testcase name="searchSeleniumTest" time="0.001" classname="parallelscripts.MethodsTest"/>
  <system-out/>
  <testcase name="searchAPITest" time="0.012" classname="parallelscripts.MethodsTest"/>
  <system-out/>
  <testcase name="searchAPITest" time="0.013" classname="parallelscripts.MethodsTest"/>
  <system-out/>
  <testcase name="searchAppiumTest" time="0.001" classname="parallelscripts.MethodsTest"/>
  <system-out/>
  <testcase name="searchAPITest" time="0.005" classname="parallelscripts.MethodsTest"/>
  <system-out/>
</testsuite> <!-- parallelscripts.MethodsTest -->
