<?xml version="1.0" encoding="UTF-8"?>
<!-- Generated by org.testng.reporters.JUnitReportReporter -->
<testsuite skipped="0" hostname="Nipuns-MacBook-Pro.local" name="datascripts.ExcelDataTest" tests="1" failures="0" timestamp="2021-08-05T16:46:50 IST" time="10.180" errors="0">
  <testcase name="loginTest" time="10.180" classname="datascripts.ExcelDataTest"/>
  <system-out/>
</testsuite> <!-- datascripts.ExcelDataTest -->
